Build started 27/03/2013 11:47:00.
     1>Project "D:\My Space\Task Space\EEPIS\Semester 2\Algoritma dan Struktur Data\MATERI\Minggu 3\Menu Sederhana\Menu 1\Menu 1.vcxproj" on node 2 (build target(s)).
     1>InitializeBuildStatus:
         Creating "Debug\Menu 1.unsuccessfulbuild" because "AlwaysCreate" was specified.
       ClCompile:
         C:\Program Files\Microsoft Visual Studio 10.0\VC\bin\CL.exe /c /ZI /nologo /W3 /WX- /Od /Oy- /D WIN32 /D _DEBUG /D _CONSOLE /D _UNICODE /D UNICODE /Gm /EHsc /RTC1 /MDd /GS /fp:precise /Zc:wchar_t /Zc:forScope /Fo"Debug\\" /Fd"Debug\vc100.pdb" /Gd /TC /analyze- /errorReport:prompt prog.c
         prog.c
     1>d:\my space\task space\eepis\semester 2\algoritma dan struktur data\materi\minggu 3\menu sederhana\menu 1\prog.c(164): warning C4996: 'scanf': This function or variable may be unsafe. Consider using scanf_s instead. To disable deprecation, use _CRT_SECURE_NO_WARNINGS. See online help for details.
                 c:\program files\microsoft visual studio 10.0\vc\include\stdio.h(304) : see declaration of 'scanf'
     1>d:\my space\task space\eepis\semester 2\algoritma dan struktur data\materi\minggu 3\menu sederhana\menu 1\prog.c(186): warning C4996: 'scanf': This function or variable may be unsafe. Consider using scanf_s instead. To disable deprecation, use _CRT_SECURE_NO_WARNINGS. See online help for details.
                 c:\program files\microsoft visual studio 10.0\vc\include\stdio.h(304) : see declaration of 'scanf'
     1>d:\my space\task space\eepis\semester 2\algoritma dan struktur data\materi\minggu 3\menu sederhana\menu 1\prog.c(206): warning C4996: 'getche': The POSIX name for this item is deprecated. Instead, use the ISO C++ conformant name: _getche. See online help for details.
                 c:\program files\microsoft visual studio 10.0\vc\include\conio.h(129) : see declaration of 'getche'
     1>d:\my space\task space\eepis\semester 2\algoritma dan struktur data\materi\minggu 3\menu sederhana\menu 1\prog.c(212): warning C4996: 'scanf': This function or variable may be unsafe. Consider using scanf_s instead. To disable deprecation, use _CRT_SECURE_NO_WARNINGS. See online help for details.
                 c:\program files\microsoft visual studio 10.0\vc\include\stdio.h(304) : see declaration of 'scanf'
     1>d:\my space\task space\eepis\semester 2\algoritma dan struktur data\materi\minggu 3\menu sederhana\menu 1\prog.c(214): warning C4996: 'scanf': This function or variable may be unsafe. Consider using scanf_s instead. To disable deprecation, use _CRT_SECURE_NO_WARNINGS. See online help for details.
                 c:\program files\microsoft visual studio 10.0\vc\include\stdio.h(304) : see declaration of 'scanf'
     1>d:\my space\task space\eepis\semester 2\algoritma dan struktur data\materi\minggu 3\menu sederhana\menu 1\prog.c(199): warning C4101: 'pilih' : unreferenced local variable
     1>d:\my space\task space\eepis\semester 2\algoritma dan struktur data\materi\minggu 3\menu sederhana\menu 1\prog.c(229): warning C4996: 'getche': The POSIX name for this item is deprecated. Instead, use the ISO C++ conformant name: _getche. See online help for details.
                 c:\program files\microsoft visual studio 10.0\vc\include\conio.h(129) : see declaration of 'getche'
     1>d:\my space\task space\eepis\semester 2\algoritma dan struktur data\materi\minggu 3\menu sederhana\menu 1\prog.c(235): warning C4996: 'scanf': This function or variable may be unsafe. Consider using scanf_s instead. To disable deprecation, use _CRT_SECURE_NO_WARNINGS. See online help for details.
                 c:\program files\microsoft visual studio 10.0\vc\include\stdio.h(304) : see declaration of 'scanf'
     1>d:\my space\task space\eepis\semester 2\algoritma dan struktur data\materi\minggu 3\menu sederhana\menu 1\prog.c(237): warning C4996: 'scanf': This function or variable may be unsafe. Consider using scanf_s instead. To disable deprecation, use _CRT_SECURE_NO_WARNINGS. See online help for details.
                 c:\program files\microsoft visual studio 10.0\vc\include\stdio.h(304) : see declaration of 'scanf'
     1>d:\my space\task space\eepis\semester 2\algoritma dan struktur data\materi\minggu 3\menu sederhana\menu 1\prog.c(222): warning C4101: 'pilih' : unreferenced local variable
     1>d:\my space\task space\eepis\semester 2\algoritma dan struktur data\materi\minggu 3\menu sederhana\menu 1\prog.c(249): warning C4996: 'getche': The POSIX name for this item is deprecated. Instead, use the ISO C++ conformant name: _getche. See online help for details.
                 c:\program files\microsoft visual studio 10.0\vc\include\conio.h(129) : see declaration of 'getche'
     1>d:\my space\task space\eepis\semester 2\algoritma dan struktur data\materi\minggu 3\menu sederhana\menu 1\prog.c(254): warning C4996: 'getche': The POSIX name for this item is deprecated. Instead, use the ISO C++ conformant name: _getche. See online help for details.
                 c:\program files\microsoft visual studio 10.0\vc\include\conio.h(129) : see declaration of 'getche'
     1>d:\my space\task space\eepis\semester 2\algoritma dan struktur data\materi\minggu 3\menu sederhana\menu 1\prog.c(267): warning C4996: 'getche': The POSIX name for this item is deprecated. Instead, use the ISO C++ conformant name: _getche. See online help for details.
                 c:\program files\microsoft visual studio 10.0\vc\include\conio.h(129) : see declaration of 'getche'
     1>d:\my space\task space\eepis\semester 2\algoritma dan struktur data\materi\minggu 3\menu sederhana\menu 1\prog.c(271): warning C4996: 'scanf': This function or variable may be unsafe. Consider using scanf_s instead. To disable deprecation, use _CRT_SECURE_NO_WARNINGS. See online help for details.
                 c:\program files\microsoft visual studio 10.0\vc\include\stdio.h(304) : see declaration of 'scanf'
     1>d:\my space\task space\eepis\semester 2\algoritma dan struktur data\materi\minggu 3\menu sederhana\menu 1\prog.c(274): warning C4996: 'getche': The POSIX name for this item is deprecated. Instead, use the ISO C++ conformant name: _getche. See online help for details.
                 c:\program files\microsoft visual studio 10.0\vc\include\conio.h(129) : see declaration of 'getche'
     1>d:\my space\task space\eepis\semester 2\algoritma dan struktur data\materi\minggu 3\menu sederhana\menu 1\prog.c(285): warning C4996: 'getche': The POSIX name for this item is deprecated. Instead, use the ISO C++ conformant name: _getche. See online help for details.
                 c:\program files\microsoft visual studio 10.0\vc\include\conio.h(129) : see declaration of 'getche'
     1>d:\my space\task space\eepis\semester 2\algoritma dan struktur data\materi\minggu 3\menu sederhana\menu 1\prog.c(290): warning C4996: 'getche': The POSIX name for this item is deprecated. Instead, use the ISO C++ conformant name: _getche. See online help for details.
                 c:\program files\microsoft visual studio 10.0\vc\include\conio.h(129) : see declaration of 'getche'
     1>d:\my space\task space\eepis\semester 2\algoritma dan struktur data\materi\minggu 3\menu sederhana\menu 1\prog.c(328): warning C4996: 'getche': The POSIX name for this item is deprecated. Instead, use the ISO C++ conformant name: _getche. See online help for details.
                 c:\program files\microsoft visual studio 10.0\vc\include\conio.h(129) : see declaration of 'getche'
     1>d:\my space\task space\eepis\semester 2\algoritma dan struktur data\materi\minggu 3\menu sederhana\menu 1\prog.c(347): warning C4996: 'getche': The POSIX name for this item is deprecated. Instead, use the ISO C++ conformant name: _getche. See online help for details.
                 c:\program files\microsoft visual studio 10.0\vc\include\conio.h(129) : see declaration of 'getche'
     1>d:\my space\task space\eepis\semester 2\algoritma dan struktur data\materi\minggu 3\menu sederhana\menu 1\prog.c(372): warning C4996: 'getche': The POSIX name for this item is deprecated. Instead, use the ISO C++ conformant name: _getche. See online help for details.
                 c:\program files\microsoft visual studio 10.0\vc\include\conio.h(129) : see declaration of 'getche'
     1>d:\my space\task space\eepis\semester 2\algoritma dan struktur data\materi\minggu 3\menu sederhana\menu 1\prog.c(416): warning C4996: 'getche': The POSIX name for this item is deprecated. Instead, use the ISO C++ conformant name: _getche. See online help for details.
                 c:\program files\microsoft visual studio 10.0\vc\include\conio.h(129) : see declaration of 'getche'
       ManifestResourceCompile:
         All outputs are up-to-date.
       Link:
         C:\Program Files\Microsoft Visual Studio 10.0\VC\bin\link.exe /ERRORREPORT:PROMPT /OUT:"D:\My Space\Task Space\EEPIS\Semester 2\Algoritma dan Struktur Data\MATERI\Minggu 3\Menu Sederhana\Debug\Menu 1.exe" /INCREMENTAL /NOLOGO kernel32.lib user32.lib gdi32.lib winspool.lib comdlg32.lib advapi32.lib shell32.lib ole32.lib oleaut32.lib uuid.lib odbc32.lib odbccp32.lib /MANIFEST /ManifestFile:"Debug\Menu 1.exe.intermediate.manifest" /MANIFESTUAC:"level='asInvoker' uiAccess='false'" /DEBUG /PDB:"D:\My Space\Task Space\EEPIS\Semester 2\Algoritma dan Struktur Data\MATERI\Minggu 3\Menu Sederhana\Debug\Menu 1.pdb" /SUBSYSTEM:CONSOLE /TLBID:1 /DYNAMICBASE /NXCOMPAT /IMPLIB:"D:\My Space\Task Space\EEPIS\Semester 2\Algoritma dan Struktur Data\MATERI\Minggu 3\Menu Sederhana\Debug\Menu 1.lib" /MACHINE:X86 "Debug\Menu 1.exe.embed.manifest.res"
         Debug\prog.obj
       Manifest:
         C:\Program Files\Microsoft SDKs\Windows\v7.0A\bin\mt.exe /nologo /verbose /out:"Debug\Menu 1.exe.embed.manifest" /manifest "Debug\Menu 1.exe.intermediate.manifest"
         All outputs are up-to-date.
       LinkEmbedManifest:
         All outputs are up-to-date.
         Menu 1.vcxproj -> D:\My Space\Task Space\EEPIS\Semester 2\Algoritma dan Struktur Data\MATERI\Minggu 3\Menu Sederhana\Debug\Menu 1.exe
       FinalizeBuildStatus:
         Deleting file "Debug\Menu 1.unsuccessfulbuild".
         Touching "Debug\Menu 1.lastbuildstate".
     1>Done Building Project "D:\My Space\Task Space\EEPIS\Semester 2\Algoritma dan Struktur Data\MATERI\Minggu 3\Menu Sederhana\Menu 1\Menu 1.vcxproj" (build target(s)).

Build succeeded.

Time Elapsed 00:00:01.98
